<?xml version="1.0" encoding="UTF-8"?>
<!-- Generated by org.testng.reporters.JUnitReportReporter -->
<testsuite hostname="anode" name="testng.Tests" tests="1" failures="0" timestamp="23 Dec 2019 06:32:44 GMT" time="11.561" errors="0">
  <testcase name="testEasy" time="11.561" classname="testng.Tests"/>
</testsuite> <!-- testng.Tests -->
